1611110612373	geckodriver	INFO	Listening on 127.0.0.1:54615
1611110617276	mozrunner::runner	INFO	Running command: "C:\\Users\\lawrence123\\AppData\\Local\\Mozilla Firefox\\firefox.exe" "--marionette" "-foreground" "-no-remote" "-profile" "C:\\Users\\LAWREN~1\\AppData\\Local\\Temp\\rust_mozprofilezgPPBG"
Can't find symbol 'eglSwapBuffersWithDamageEXT'.
Can't find symbol 'eglSetDamageRegionKHR'.
console.warn: SearchSettings: "get: No settings file exists, new profile?" (new Error("", "(unknown module)"))
JavaScript error: resource://gre/modules/XULStore.jsm, line 66: Error: Can't find profile directory.
1611110624024	Marionette	INFO	Listening on port 54631
1611110624318	Marionette	WARN	TLS certificate errors will be ignored for this session
JavaScript error: resource://gre/modules/XULStore.jsm, line 66: Error: Can't find profile directory.
JavaScript error: resource://gre/modules/XULStore.jsm, line 66: Error: Can't find profile directory.
JavaScript error: resource://gre/modules/XULStore.jsm, line 66: Error: Can't find profile directory.
JavaScript error: resource://gre/modules/XULStore.jsm, line 66: Error: Can't find profile directory.
[Parent 22804, Gecko_IOThread] WARNING: file /builds/worker/checkouts/gecko/ipc/chromium/src/base/process_util_win.cc:166
JavaScript error: file:///D:/project/web_layout_defect/defect_detect/data_generate/miaoli/txt_next_row/0.html, line 91: ReferenceError: $ is not defined
JavaScript error: file:///D:/project/web_layout_defect/defect_detect/data_generate/miaoli/txt_next_row/0.html, line 117: ReferenceError: $ is not defined
JavaScript error: file:///D:/project/web_layout_defect/defect_detect/data_generate/miaoli/txt_next_row/0.html, line 152: ReferenceError: $ is not defined
JavaScript error: file:///D:/project/web_layout_defect/defect_detect/data_generate/miaoli/txt_next_row/0.html, line 349: ReferenceError: Highcharts is not defined
JavaScript error: file:///D:/project/web_layout_defect/defect_detect/data_generate/miaoli/txt_next_row/0.html, line 536: ReferenceError: $ is not defined
JavaScript error: file:///D:/project/web_layout_defect/defect_detect/data_generate/miaoli/txt_next_row/0.html, line 547: ReferenceError: requirejs is not defined
JavaScript error: file:///D:/project/web_layout_defect/defect_detect/data_generate/miaoli/txt_next_row/0_files/Zf-o29U7PTE.html, line 14: ReferenceError: yt is not defined
JavaScript error: file:///D:/project/web_layout_defect/defect_detect/data_generate/miaoli/txt_next_row/0_files/B3wNY9KIQcw.html, line 14: ReferenceError: yt is not defined
JavaScript error: file:///D:/project/web_layout_defect/defect_detect/data_generate/miaoli/txt_next_row/0_files/page.html, line 13: ReferenceError: requireLazy is not defined
JavaScript error: file:///D:/project/web_layout_defect/defect_detect/data_generate/miaoli/txt_next_row/0_files/page.html, line 14: ReferenceError: requireLazy is not defined
JavaScript error: file:///D:/project/web_layout_defect/defect_detect/data_generate/miaoli/txt_next_row/0_files/page.html, line 15: ReferenceError: requireLazy is not defined
JavaScript error: file:///D:/project/web_layout_defect/defect_detect/data_generate/miaoli/txt_next_row/0_files/page.html, line 16: ReferenceError: requireLazy is not defined
JavaScript error: file:///D:/project/web_layout_defect/defect_detect/data_generate/miaoli/txt_next_row/1.html, line 91: ReferenceError: $ is not defined
JavaScript error: file:///D:/project/web_layout_defect/defect_detect/data_generate/miaoli/txt_next_row/1.html, line 131: ReferenceError: $ is not defined
JavaScript error: file:///D:/project/web_layout_defect/defect_detect/data_generate/miaoli/txt_next_row/1.html, line 166: ReferenceError: $ is not defined
JavaScript error: file:///D:/project/web_layout_defect/defect_detect/data_generate/miaoli/txt_next_row/1.html, line 191: ReferenceError: $ is not defined
JavaScript error: file:///D:/project/web_layout_defect/defect_detect/data_generate/miaoli/txt_next_row/1.html, line 354: ReferenceError: $ is not defined
JavaScript error: file:///D:/project/web_layout_defect/defect_detect/data_generate/miaoli/txt_next_row/1.html, line 365: ReferenceError: requirejs is not defined
JavaScript error: file:///D:/project/web_layout_defect/defect_detect/data_generate/miaoli/txt_next_row/1_files/page.html, line 13: ReferenceError: requireLazy is not defined
JavaScript error: file:///D:/project/web_layout_defect/defect_detect/data_generate/miaoli/txt_next_row/1_files/page.html, line 14: ReferenceError: requireLazy is not defined
JavaScript error: file:///D:/project/web_layout_defect/defect_detect/data_generate/miaoli/txt_next_row/1_files/page.html, line 15: ReferenceError: requireLazy is not defined
JavaScript error: file:///D:/project/web_layout_defect/defect_detect/data_generate/miaoli/txt_next_row/1_files/page.html, line 16: ReferenceError: requireLazy is not defined
JavaScript error: file:///D:/project/web_layout_defect/defect_detect/data_generate/miaoli/txt_next_row/11.html, line 91: ReferenceError: $ is not defined
JavaScript error: file:///D:/project/web_layout_defect/defect_detect/data_generate/miaoli/txt_next_row/11.html, line 131: ReferenceError: $ is not defined
JavaScript error: file:///D:/project/web_layout_defect/defect_detect/data_generate/miaoli/txt_next_row/11.html, line 166: ReferenceError: $ is not defined
JavaScript error: file:///D:/project/web_layout_defect/defect_detect/data_generate/miaoli/txt_next_row/11.html, line 191: ReferenceError: $ is not defined
JavaScript error: file:///D:/project/web_layout_defect/defect_detect/data_generate/miaoli/txt_next_row/11.html, line 624: ReferenceError: $ is not defined
JavaScript error: file:///D:/project/web_layout_defect/defect_detect/data_generate/miaoli/txt_next_row/11.html, line 635: ReferenceError: requirejs is not defined
JavaScript error: file:///D:/project/web_layout_defect/defect_detect/data_generate/miaoli/txt_next_row/11_files/page.html, line 13: ReferenceError: requireLazy is not defined
JavaScript error: file:///D:/project/web_layout_defect/defect_detect/data_generate/miaoli/txt_next_row/11_files/page.html, line 14: ReferenceError: requireLazy is not defined
JavaScript error: file:///D:/project/web_layout_defect/defect_detect/data_generate/miaoli/txt_next_row/11_files/page.html, line 15: ReferenceError: requireLazy is not defined
JavaScript error: file:///D:/project/web_layout_defect/defect_detect/data_generate/miaoli/txt_next_row/11_files/page.html, line 16: ReferenceError: requireLazy is not defined
JavaScript error: file:///D:/project/web_layout_defect/defect_detect/data_generate/miaoli/txt_next_row/12.html, line 91: ReferenceError: $ is not defined
JavaScript error: file:///D:/project/web_layout_defect/defect_detect/data_generate/miaoli/txt_next_row/12.html, line 131: ReferenceError: $ is not defined
JavaScript error: file:///D:/project/web_layout_defect/defect_detect/data_generate/miaoli/txt_next_row/12.html, line 166: ReferenceError: $ is not defined
JavaScript error: file:///D:/project/web_layout_defect/defect_detect/data_generate/miaoli/txt_next_row/12.html, line 191: ReferenceError: $ is not defined
JavaScript error: file:///D:/project/web_layout_defect/defect_detect/data_generate/miaoli/txt_next_row/12.html, line 348: ReferenceError: $ is not defined
JavaScript error: file:///D:/project/web_layout_defect/defect_detect/data_generate/miaoli/txt_next_row/12.html, line 359: ReferenceError: requirejs is not defined
JavaScript error: file:///D:/project/web_layout_defect/defect_detect/data_generate/miaoli/txt_next_row/12_files/page.html, line 13: ReferenceError: requireLazy is not defined
JavaScript error: file:///D:/project/web_layout_defect/defect_detect/data_generate/miaoli/txt_next_row/12_files/page.html, line 14: ReferenceError: requireLazy is not defined
JavaScript error: file:///D:/project/web_layout_defect/defect_detect/data_generate/miaoli/txt_next_row/12_files/page.html, line 15: ReferenceError: requireLazy is not defined
JavaScript error: file:///D:/project/web_layout_defect/defect_detect/data_generate/miaoli/txt_next_row/12_files/page.html, line 16: ReferenceError: requireLazy is not defined
JavaScript error: file:///D:/project/web_layout_defect/defect_detect/data_generate/miaoli/txt_next_row/14.html, line 91: ReferenceError: $ is not defined
JavaScript error: file:///D:/project/web_layout_defect/defect_detect/data_generate/miaoli/txt_next_row/14.html, line 131: ReferenceError: $ is not defined
JavaScript error: file:///D:/project/web_layout_defect/defect_detect/data_generate/miaoli/txt_next_row/14.html, line 166: ReferenceError: $ is not defined
JavaScript error: file:///D:/project/web_layout_defect/defect_detect/data_generate/miaoli/txt_next_row/14.html, line 191: ReferenceError: $ is not defined
JavaScript error: file:///D:/project/web_layout_defect/defect_detect/data_generate/miaoli/txt_next_row/14.html, line 347: ReferenceError: $ is not defined
JavaScript error: file:///D:/project/web_layout_defect/defect_detect/data_generate/miaoli/txt_next_row/14.html, line 358: ReferenceError: requirejs is not defined
JavaScript error: file:///D:/project/web_layout_defect/defect_detect/data_generate/miaoli/txt_next_row/14_files/page.html, line 13: ReferenceError: requireLazy is not defined
JavaScript error: file:///D:/project/web_layout_defect/defect_detect/data_generate/miaoli/txt_next_row/14_files/page.html, line 14: ReferenceError: requireLazy is not defined
JavaScript error: file:///D:/project/web_layout_defect/defect_detect/data_generate/miaoli/txt_next_row/14_files/page.html, line 15: ReferenceError: requireLazy is not defined
JavaScript error: file:///D:/project/web_layout_defect/defect_detect/data_generate/miaoli/txt_next_row/14_files/page.html, line 16: ReferenceError: requireLazy is not defined
JavaScript error: file:///D:/project/web_layout_defect/defect_detect/data_generate/miaoli/txt_next_row/15.html, line 90: ReferenceError: $ is not defined
JavaScript error: file:///D:/project/web_layout_defect/defect_detect/data_generate/miaoli/txt_next_row/15.html, line 130: ReferenceError: $ is not defined
JavaScript error: file:///D:/project/web_layout_defect/defect_detect/data_generate/miaoli/txt_next_row/15.html, line 165: ReferenceError: $ is not defined
JavaScript error: file:///D:/project/web_layout_defect/defect_detect/data_generate/miaoli/txt_next_row/15.html, line 315: ReferenceError: $ is not defined
JavaScript error: file:///D:/project/web_layout_defect/defect_detect/data_generate/miaoli/txt_next_row/15.html, line 326: ReferenceError: requirejs is not defined
JavaScript error: file:///D:/project/web_layout_defect/defect_detect/data_generate/miaoli/txt_next_row/15_files/page.html, line 13: ReferenceError: requireLazy is not defined
JavaScript error: file:///D:/project/web_layout_defect/defect_detect/data_generate/miaoli/txt_next_row/15_files/page.html, line 14: ReferenceError: requireLazy is not defined
JavaScript error: file:///D:/project/web_layout_defect/defect_detect/data_generate/miaoli/txt_next_row/15_files/page.html, line 15: ReferenceError: requireLazy is not defined
JavaScript error: file:///D:/project/web_layout_defect/defect_detect/data_generate/miaoli/txt_next_row/15_files/page.html, line 16: ReferenceError: requireLazy is not defined
JavaScript error: file:///D:/project/web_layout_defect/defect_detect/data_generate/miaoli/txt_next_row/16.html, line 92: ReferenceError: $ is not defined
JavaScript error: file:///D:/project/web_layout_defect/defect_detect/data_generate/miaoli/txt_next_row/16.html, line 132: ReferenceError: $ is not defined
JavaScript error: file:///D:/project/web_layout_defect/defect_detect/data_generate/miaoli/txt_next_row/16.html, line 167: ReferenceError: $ is not defined
JavaScript error: file:///D:/project/web_layout_defect/defect_detect/data_generate/miaoli/txt_next_row/16.html, line 393: ReferenceError: $ is not defined
JavaScript error: file:///D:/project/web_layout_defect/defect_detect/data_generate/miaoli/txt_next_row/16.html, line 404: ReferenceError: requirejs is not defined
JavaScript error: file:///D:/project/web_layout_defect/defect_detect/data_generate/miaoli/txt_next_row/16_files/page.html, line 13: ReferenceError: requireLazy is not defined
JavaScript error: file:///D:/project/web_layout_defect/defect_detect/data_generate/miaoli/txt_next_row/16_files/page.html, line 14: ReferenceError: requireLazy is not defined
JavaScript error: file:///D:/project/web_layout_defect/defect_detect/data_generate/miaoli/txt_next_row/16_files/page.html, line 15: ReferenceError: requireLazy is not defined
JavaScript error: file:///D:/project/web_layout_defect/defect_detect/data_generate/miaoli/txt_next_row/16_files/page.html, line 16: ReferenceError: requireLazy is not defined
JavaScript error: file:///D:/project/web_layout_defect/defect_detect/data_generate/miaoli/txt_next_row/17.html, line 92: ReferenceError: $ is not defined
JavaScript error: file:///D:/project/web_layout_defect/defect_detect/data_generate/miaoli/txt_next_row/17.html, line 132: ReferenceError: $ is not defined
JavaScript error: file:///D:/project/web_layout_defect/defect_detect/data_generate/miaoli/txt_next_row/17.html, line 167: ReferenceError: $ is not defined
JavaScript error: file:///D:/project/web_layout_defect/defect_detect/data_generate/miaoli/txt_next_row/17.html, line 340: ReferenceError: $ is not defined
JavaScript error: file:///D:/project/web_layout_defect/defect_detect/data_generate/miaoli/txt_next_row/17.html, line 351: ReferenceError: requirejs is not defined
JavaScript error: file:///D:/project/web_layout_defect/defect_detect/data_generate/miaoli/txt_next_row/17_files/page.html, line 13: ReferenceError: requireLazy is not defined
JavaScript error: file:///D:/project/web_layout_defect/defect_detect/data_generate/miaoli/txt_next_row/17_files/page.html, line 14: ReferenceError: requireLazy is not defined
JavaScript error: file:///D:/project/web_layout_defect/defect_detect/data_generate/miaoli/txt_next_row/17_files/page.html, line 15: ReferenceError: requireLazy is not defined
JavaScript error: file:///D:/project/web_layout_defect/defect_detect/data_generate/miaoli/txt_next_row/17_files/page.html, line 16: ReferenceError: requireLazy is not defined
JavaScript error: file:///D:/project/web_layout_defect/defect_detect/data_generate/miaoli/txt_next_row/18.html, line 92: ReferenceError: $ is not defined
JavaScript error: file:///D:/project/web_layout_defect/defect_detect/data_generate/miaoli/txt_next_row/18.html, line 132: ReferenceError: $ is not defined
JavaScript error: file:///D:/project/web_layout_defect/defect_detect/data_generate/miaoli/txt_next_row/18.html, line 167: ReferenceError: $ is not defined
JavaScript error: file:///D:/project/web_layout_defect/defect_detect/data_generate/miaoli/txt_next_row/18.html, line 397: ReferenceError: $ is not defined
JavaScript error: file:///D:/project/web_layout_defect/defect_detect/data_generate/miaoli/txt_next_row/18.html, line 408: ReferenceError: requirejs is not defined
JavaScript error: file:///D:/project/web_layout_defect/defect_detect/data_generate/miaoli/txt_next_row/18_files/page.html, line 13: ReferenceError: requireLazy is not defined
JavaScript error: file:///D:/project/web_layout_defect/defect_detect/data_generate/miaoli/txt_next_row/18_files/page.html, line 14: ReferenceError: requireLazy is not defined
JavaScript error: file:///D:/project/web_layout_defect/defect_detect/data_generate/miaoli/txt_next_row/18_files/page.html, line 15: ReferenceError: requireLazy is not defined
JavaScript error: file:///D:/project/web_layout_defect/defect_detect/data_generate/miaoli/txt_next_row/18_files/page.html, line 16: ReferenceError: requireLazy is not defined
JavaScript error: file:///D:/project/web_layout_defect/defect_detect/data_generate/miaoli/txt_next_row/19.html, line 92: ReferenceError: $ is not defined
JavaScript error: file:///D:/project/web_layout_defect/defect_detect/data_generate/miaoli/txt_next_row/19.html, line 132: ReferenceError: $ is not defined
JavaScript error: file:///D:/project/web_layout_defect/defect_detect/data_generate/miaoli/txt_next_row/19.html, line 167: ReferenceError: $ is not defined
JavaScript error: file:///D:/project/web_layout_defect/defect_detect/data_generate/miaoli/txt_next_row/19.html, line 389: ReferenceError: $ is not defined
JavaScript error: file:///D:/project/web_layout_defect/defect_detect/data_generate/miaoli/txt_next_row/19.html, line 400: ReferenceError: requirejs is not defined
JavaScript error: file:///D:/project/web_layout_defect/defect_detect/data_generate/miaoli/txt_next_row/19_files/page.html, line 13: ReferenceError: requireLazy is not defined
JavaScript error: file:///D:/project/web_layout_defect/defect_detect/data_generate/miaoli/txt_next_row/19_files/page.html, line 14: ReferenceError: requireLazy is not defined
JavaScript error: file:///D:/project/web_layout_defect/defect_detect/data_generate/miaoli/txt_next_row/19_files/page.html, line 15: ReferenceError: requireLazy is not defined
JavaScript error: file:///D:/project/web_layout_defect/defect_detect/data_generate/miaoli/txt_next_row/19_files/page.html, line 16: ReferenceError: requireLazy is not defined
JavaScript error: file:///D:/project/web_layout_defect/defect_detect/data_generate/miaoli/txt_next_row/2.html, line 92: ReferenceError: $ is not defined
JavaScript error: file:///D:/project/web_layout_defect/defect_detect/data_generate/miaoli/txt_next_row/2.html, line 132: ReferenceError: $ is not defined
JavaScript error: file:///D:/project/web_layout_defect/defect_detect/data_generate/miaoli/txt_next_row/2.html, line 167: ReferenceError: $ is not defined
JavaScript error: file:///D:/project/web_layout_defect/defect_detect/data_generate/miaoli/txt_next_row/2.html, line 400: ReferenceError: $ is not defined
JavaScript error: file:///D:/project/web_layout_defect/defect_detect/data_generate/miaoli/txt_next_row/2.html, line 412: ReferenceError: requirejs is not defined
JavaScript error: file:///D:/project/web_layout_defect/defect_detect/data_generate/miaoli/txt_next_row/2_files/page.html, line 13: ReferenceError: requireLazy is not defined
JavaScript error: file:///D:/project/web_layout_defect/defect_detect/data_generate/miaoli/txt_next_row/2_files/page.html, line 14: ReferenceError: requireLazy is not defined
JavaScript error: file:///D:/project/web_layout_defect/defect_detect/data_generate/miaoli/txt_next_row/2_files/page.html, line 15: ReferenceError: requireLazy is not defined
JavaScript error: file:///D:/project/web_layout_defect/defect_detect/data_generate/miaoli/txt_next_row/2_files/page.html, line 16: ReferenceError: requireLazy is not defined
JavaScript error: file:///D:/project/web_layout_defect/defect_detect/data_generate/miaoli/txt_next_row/20.html, line 92: ReferenceError: $ is not defined
JavaScript error: file:///D:/project/web_layout_defect/defect_detect/data_generate/miaoli/txt_next_row/20.html, line 132: ReferenceError: $ is not defined
JavaScript error: file:///D:/project/web_layout_defect/defect_detect/data_generate/miaoli/txt_next_row/20.html, line 167: ReferenceError: $ is not defined
JavaScript error: file:///D:/project/web_layout_defect/defect_detect/data_generate/miaoli/txt_next_row/20.html, line 367: ReferenceError: $ is not defined
JavaScript error: file:///D:/project/web_layout_defect/defect_detect/data_generate/miaoli/txt_next_row/20.html, line 378: ReferenceError: requirejs is not defined
JavaScript error: file:///D:/project/web_layout_defect/defect_detect/data_generate/miaoli/txt_next_row/20_files/page.html, line 13: ReferenceError: requireLazy is not defined
JavaScript error: file:///D:/project/web_layout_defect/defect_detect/data_generate/miaoli/txt_next_row/20_files/page.html, line 14: ReferenceError: requireLazy is not defined
JavaScript error: file:///D:/project/web_layout_defect/defect_detect/data_generate/miaoli/txt_next_row/20_files/page.html, line 15: ReferenceError: requireLazy is not defined
JavaScript error: file:///D:/project/web_layout_defect/defect_detect/data_generate/miaoli/txt_next_row/20_files/page.html, line 16: ReferenceError: requireLazy is not defined
JavaScript error: file:///D:/project/web_layout_defect/defect_detect/data_generate/miaoli/txt_next_row/21.html, line 92: ReferenceError: $ is not defined
JavaScript error: file:///D:/project/web_layout_defect/defect_detect/data_generate/miaoli/txt_next_row/21.html, line 132: ReferenceError: $ is not defined
JavaScript error: file:///D:/project/web_layout_defect/defect_detect/data_generate/miaoli/txt_next_row/21.html, line 167: ReferenceError: $ is not defined
JavaScript error: file:///D:/project/web_layout_defect/defect_detect/data_generate/miaoli/txt_next_row/21.html, line 372: ReferenceError: $ is not defined
JavaScript error: file:///D:/project/web_layout_defect/defect_detect/data_generate/miaoli/txt_next_row/21.html, line 383: ReferenceError: requirejs is not defined
JavaScript error: file:///D:/project/web_layout_defect/defect_detect/data_generate/miaoli/txt_next_row/21_files/page.html, line 13: ReferenceError: requireLazy is not defined
JavaScript error: file:///D:/project/web_layout_defect/defect_detect/data_generate/miaoli/txt_next_row/21_files/page.html, line 14: ReferenceError: requireLazy is not defined
JavaScript error: file:///D:/project/web_layout_defect/defect_detect/data_generate/miaoli/txt_next_row/21_files/page.html, line 15: ReferenceError: requireLazy is not defined
JavaScript error: file:///D:/project/web_layout_defect/defect_detect/data_generate/miaoli/txt_next_row/21_files/page.html, line 16: ReferenceError: requireLazy is not defined
JavaScript error: file:///D:/project/web_layout_defect/defect_detect/data_generate/miaoli/txt_next_row/22.html, line 90: ReferenceError: $ is not defined
JavaScript error: file:///D:/project/web_layout_defect/defect_detect/data_generate/miaoli/txt_next_row/22.html, line 130: ReferenceError: $ is not defined
JavaScript error: file:///D:/project/web_layout_defect/defect_detect/data_generate/miaoli/txt_next_row/22.html, line 165: ReferenceError: $ is not defined
JavaScript error: file:///D:/project/web_layout_defect/defect_detect/data_generate/miaoli/txt_next_row/22.html, line 315: ReferenceError: $ is not defined
JavaScript error: file:///D:/project/web_layout_defect/defect_detect/data_generate/miaoli/txt_next_row/22.html, line 326: ReferenceError: requirejs is not defined
JavaScript error: file:///D:/project/web_layout_defect/defect_detect/data_generate/miaoli/txt_next_row/22_files/page.html, line 13: ReferenceError: requireLazy is not defined
JavaScript error: file:///D:/project/web_layout_defect/defect_detect/data_generate/miaoli/txt_next_row/22_files/page.html, line 14: ReferenceError: requireLazy is not defined
JavaScript error: file:///D:/project/web_layout_defect/defect_detect/data_generate/miaoli/txt_next_row/22_files/page.html, line 15: ReferenceError: requireLazy is not defined
JavaScript error: file:///D:/project/web_layout_defect/defect_detect/data_generate/miaoli/txt_next_row/22_files/page.html, line 16: ReferenceError: requireLazy is not defined
JavaScript error: file:///D:/project/web_layout_defect/defect_detect/data_generate/miaoli/txt_next_row/23.html, line 91: ReferenceError: $ is not defined
JavaScript error: file:///D:/project/web_layout_defect/defect_detect/data_generate/miaoli/txt_next_row/23.html, line 131: ReferenceError: $ is not defined
JavaScript error: file:///D:/project/web_layout_defect/defect_detect/data_generate/miaoli/txt_next_row/23.html, line 166: ReferenceError: $ is not defined
JavaScript error: file:///D:/project/web_layout_defect/defect_detect/data_generate/miaoli/txt_next_row/23.html, line 191: ReferenceError: $ is not defined
JavaScript error: file:///D:/project/web_layout_defect/defect_detect/data_generate/miaoli/txt_next_row/23.html, line 370: ReferenceError: $ is not defined
JavaScript error: file:///D:/project/web_layout_defect/defect_detect/data_generate/miaoli/txt_next_row/23.html, line 381: ReferenceError: requirejs is not defined
JavaScript error: file:///D:/project/web_layout_defect/defect_detect/data_generate/miaoli/txt_next_row/23_files/page.html, line 13: ReferenceError: requireLazy is not defined
JavaScript error: file:///D:/project/web_layout_defect/defect_detect/data_generate/miaoli/txt_next_row/23_files/page.html, line 14: ReferenceError: requireLazy is not defined
JavaScript error: file:///D:/project/web_layout_defect/defect_detect/data_generate/miaoli/txt_next_row/23_files/page.html, line 15: ReferenceError: requireLazy is not defined
JavaScript error: file:///D:/project/web_layout_defect/defect_detect/data_generate/miaoli/txt_next_row/23_files/page.html, line 16: ReferenceError: requireLazy is not defined
JavaScript error: file:///D:/project/web_layout_defect/defect_detect/data_generate/miaoli/txt_next_row/24.html, line 90: ReferenceError: $ is not defined
JavaScript error: file:///D:/project/web_layout_defect/defect_detect/data_generate/miaoli/txt_next_row/24.html, line 130: ReferenceError: $ is not defined
JavaScript error: file:///D:/project/web_layout_defect/defect_detect/data_generate/miaoli/txt_next_row/24.html, line 165: ReferenceError: $ is not defined
JavaScript error: file:///D:/project/web_layout_defect/defect_detect/data_generate/miaoli/txt_next_row/24.html, line 315: ReferenceError: $ is not defined
JavaScript error: file:///D:/project/web_layout_defect/defect_detect/data_generate/miaoli/txt_next_row/24.html, line 326: ReferenceError: requirejs is not defined
JavaScript error: file:///D:/project/web_layout_defect/defect_detect/data_generate/miaoli/txt_next_row/24_files/page.html, line 13: ReferenceError: requireLazy is not defined
JavaScript error: file:///D:/project/web_layout_defect/defect_detect/data_generate/miaoli/txt_next_row/24_files/page.html, line 14: ReferenceError: requireLazy is not defined
JavaScript error: file:///D:/project/web_layout_defect/defect_detect/data_generate/miaoli/txt_next_row/24_files/page.html, line 15: ReferenceError: requireLazy is not defined
JavaScript error: file:///D:/project/web_layout_defect/defect_detect/data_generate/miaoli/txt_next_row/24_files/page.html, line 16: ReferenceError: requireLazy is not defined
JavaScript error: file:///D:/project/web_layout_defect/defect_detect/data_generate/miaoli/txt_next_row/25.html, line 90: ReferenceError: $ is not defined
JavaScript error: file:///D:/project/web_layout_defect/defect_detect/data_generate/miaoli/txt_next_row/25.html, line 130: ReferenceError: $ is not defined
JavaScript error: file:///D:/project/web_layout_defect/defect_detect/data_generate/miaoli/txt_next_row/25.html, line 165: ReferenceError: $ is not defined
JavaScript error: file:///D:/project/web_layout_defect/defect_detect/data_generate/miaoli/txt_next_row/25.html, line 315: ReferenceError: $ is not defined
JavaScript error: file:///D:/project/web_layout_defect/defect_detect/data_generate/miaoli/txt_next_row/25.html, line 326: ReferenceError: requirejs is not defined
JavaScript error: file:///D:/project/web_layout_defect/defect_detect/data_generate/miaoli/txt_next_row/25_files/page.html, line 13: ReferenceError: requireLazy is not defined
JavaScript error: file:///D:/project/web_layout_defect/defect_detect/data_generate/miaoli/txt_next_row/25_files/page.html, line 14: ReferenceError: requireLazy is not defined
JavaScript error: file:///D:/project/web_layout_defect/defect_detect/data_generate/miaoli/txt_next_row/25_files/page.html, line 15: ReferenceError: requireLazy is not defined
JavaScript error: file:///D:/project/web_layout_defect/defect_detect/data_generate/miaoli/txt_next_row/25_files/page.html, line 16: ReferenceError: requireLazy is not defined
JavaScript error: file:///D:/project/web_layout_defect/defect_detect/data_generate/miaoli/txt_next_row/26.html, line 90: ReferenceError: $ is not defined
JavaScript error: file:///D:/project/web_layout_defect/defect_detect/data_generate/miaoli/txt_next_row/26.html, line 130: ReferenceError: $ is not defined
JavaScript error: file:///D:/project/web_layout_defect/defect_detect/data_generate/miaoli/txt_next_row/26.html, line 165: ReferenceError: $ is not defined
JavaScript error: file:///D:/project/web_layout_defect/defect_detect/data_generate/miaoli/txt_next_row/26.html, line 209: ReferenceError: $ is not defined
JavaScript error: file:///D:/project/web_layout_defect/defect_detect/data_generate/miaoli/txt_next_row/26.html, line 379: ReferenceError: $ is not defined
JavaScript error: file:///D:/project/web_layout_defect/defect_detect/data_generate/miaoli/txt_next_row/26.html, line 391: ReferenceError: requirejs is not defined
JavaScript error: file:///D:/project/web_layout_defect/defect_detect/data_generate/miaoli/txt_next_row/26_files/page.html, line 13: ReferenceError: requireLazy is not defined
JavaScript error: file:///D:/project/web_layout_defect/defect_detect/data_generate/miaoli/txt_next_row/26_files/page.html, line 14: ReferenceError: requireLazy is not defined
JavaScript error: file:///D:/project/web_layout_defect/defect_detect/data_generate/miaoli/txt_next_row/26_files/page.html, line 15: ReferenceError: requireLazy is not defined
JavaScript error: file:///D:/project/web_layout_defect/defect_detect/data_generate/miaoli/txt_next_row/26_files/page.html, line 16: ReferenceError: requireLazy is not defined
JavaScript error: file:///D:/project/web_layout_defect/defect_detect/data_generate/miaoli/txt_next_row/27.html, line 92: ReferenceError: $ is not defined
JavaScript error: file:///D:/project/web_layout_defect/defect_detect/data_generate/miaoli/txt_next_row/27.html, line 132: ReferenceError: $ is not defined
JavaScript error: file:///D:/project/web_layout_defect/defect_detect/data_generate/miaoli/txt_next_row/27.html, line 167: ReferenceError: $ is not defined
JavaScript error: file:///D:/project/web_layout_defect/defect_detect/data_generate/miaoli/txt_next_row/27.html, line 395: ReferenceError: $ is not defined
JavaScript error: file:///D:/project/web_layout_defect/defect_detect/data_generate/miaoli/txt_next_row/27.html, line 407: ReferenceError: requirejs is not defined
JavaScript error: file:///D:/project/web_layout_defect/defect_detect/data_generate/miaoli/txt_next_row/27_files/page.html, line 13: ReferenceError: requireLazy is not defined
JavaScript error: file:///D:/project/web_layout_defect/defect_detect/data_generate/miaoli/txt_next_row/27_files/page.html, line 14: ReferenceError: requireLazy is not defined
JavaScript error: file:///D:/project/web_layout_defect/defect_detect/data_generate/miaoli/txt_next_row/27_files/page.html, line 15: ReferenceError: requireLazy is not defined
JavaScript error: file:///D:/project/web_layout_defect/defect_detect/data_generate/miaoli/txt_next_row/27_files/page.html, line 16: ReferenceError: requireLazy is not defined
JavaScript error: file:///D:/project/web_layout_defect/defect_detect/data_generate/miaoli/txt_next_row/28.html, line 92: ReferenceError: $ is not defined
JavaScript error: file:///D:/project/web_layout_defect/defect_detect/data_generate/miaoli/txt_next_row/28.html, line 132: ReferenceError: $ is not defined
JavaScript error: file:///D:/project/web_layout_defect/defect_detect/data_generate/miaoli/txt_next_row/28.html, line 167: ReferenceError: $ is not defined
JavaScript error: file:///D:/project/web_layout_defect/defect_detect/data_generate/miaoli/txt_next_row/28.html, line 347: ReferenceError: $ is not defined
JavaScript error: file:///D:/project/web_layout_defect/defect_detect/data_generate/miaoli/txt_next_row/28.html, line 358: ReferenceError: requirejs is not defined
JavaScript error: file:///D:/project/web_layout_defect/defect_detect/data_generate/miaoli/txt_next_row/28_files/page.html, line 13: ReferenceError: requireLazy is not defined
JavaScript error: file:///D:/project/web_layout_defect/defect_detect/data_generate/miaoli/txt_next_row/28_files/page.html, line 14: ReferenceError: requireLazy is not defined
JavaScript error: file:///D:/project/web_layout_defect/defect_detect/data_generate/miaoli/txt_next_row/28_files/page.html, line 15: ReferenceError: requireLazy is not defined
JavaScript error: file:///D:/project/web_layout_defect/defect_detect/data_generate/miaoli/txt_next_row/28_files/page.html, line 16: ReferenceError: requireLazy is not defined
JavaScript error: file:///D:/project/web_layout_defect/defect_detect/data_generate/miaoli/txt_next_row/29.html, line 92: ReferenceError: $ is not defined
JavaScript error: file:///D:/project/web_layout_defect/defect_detect/data_generate/miaoli/txt_next_row/29.html, line 132: ReferenceError: $ is not defined
JavaScript error: file:///D:/project/web_layout_defect/defect_detect/data_generate/miaoli/txt_next_row/29.html, line 167: ReferenceError: $ is not defined
JavaScript error: file:///D:/project/web_layout_defect/defect_detect/data_generate/miaoli/txt_next_row/29.html, line 391: ReferenceError: $ is not defined
JavaScript error: file:///D:/project/web_layout_defect/defect_detect/data_generate/miaoli/txt_next_row/29.html, line 402: ReferenceError: requirejs is not defined
JavaScript error: file:///D:/project/web_layout_defect/defect_detect/data_generate/miaoli/txt_next_row/29_files/page.html, line 13: ReferenceError: requireLazy is not defined
JavaScript error: file:///D:/project/web_layout_defect/defect_detect/data_generate/miaoli/txt_next_row/29_files/page.html, line 14: ReferenceError: requireLazy is not defined
JavaScript error: file:///D:/project/web_layout_defect/defect_detect/data_generate/miaoli/txt_next_row/29_files/page.html, line 15: ReferenceError: requireLazy is not defined
JavaScript error: file:///D:/project/web_layout_defect/defect_detect/data_generate/miaoli/txt_next_row/29_files/page.html, line 16: ReferenceError: requireLazy is not defined
JavaScript error: file:///D:/project/web_layout_defect/defect_detect/data_generate/miaoli/txt_next_row/3.html, line 92: ReferenceError: $ is not defined
JavaScript error: file:///D:/project/web_layout_defect/defect_detect/data_generate/miaoli/txt_next_row/3.html, line 132: ReferenceError: $ is not defined
JavaScript error: file:///D:/project/web_layout_defect/defect_detect/data_generate/miaoli/txt_next_row/3.html, line 167: ReferenceError: $ is not defined
JavaScript error: file:///D:/project/web_layout_defect/defect_detect/data_generate/miaoli/txt_next_row/3.html, line 392: ReferenceError: $ is not defined
JavaScript error: file:///D:/project/web_layout_defect/defect_detect/data_generate/miaoli/txt_next_row/3.html, line 403: ReferenceError: requirejs is not defined
JavaScript error: file:///D:/project/web_layout_defect/defect_detect/data_generate/miaoli/txt_next_row/3_files/page.html, line 13: ReferenceError: requireLazy is not defined
JavaScript error: file:///D:/project/web_layout_defect/defect_detect/data_generate/miaoli/txt_next_row/3_files/page.html, line 14: ReferenceError: requireLazy is not defined
JavaScript error: file:///D:/project/web_layout_defect/defect_detect/data_generate/miaoli/txt_next_row/3_files/page.html, line 15: ReferenceError: requireLazy is not defined
JavaScript error: file:///D:/project/web_layout_defect/defect_detect/data_generate/miaoli/txt_next_row/3_files/page.html, line 16: ReferenceError: requireLazy is not defined
JavaScript error: file:///D:/project/web_layout_defect/defect_detect/data_generate/miaoli/txt_next_row/30.html, line 92: ReferenceError: $ is not defined
JavaScript error: file:///D:/project/web_layout_defect/defect_detect/data_generate/miaoli/txt_next_row/30.html, line 132: ReferenceError: $ is not defined
JavaScript error: file:///D:/project/web_layout_defect/defect_detect/data_generate/miaoli/txt_next_row/30.html, line 167: ReferenceError: $ is not defined
JavaScript error: file:///D:/project/web_layout_defect/defect_detect/data_generate/miaoli/txt_next_row/30.html, line 393: ReferenceError: $ is not defined
JavaScript error: file:///D:/project/web_layout_defect/defect_detect/data_generate/miaoli/txt_next_row/30.html, line 405: ReferenceError: requirejs is not defined
JavaScript error: file:///D:/project/web_layout_defect/defect_detect/data_generate/miaoli/txt_next_row/30_files/page.html, line 13: ReferenceError: requireLazy is not defined
JavaScript error: file:///D:/project/web_layout_defect/defect_detect/data_generate/miaoli/txt_next_row/30_files/page.html, line 14: ReferenceError: requireLazy is not defined
JavaScript error: file:///D:/project/web_layout_defect/defect_detect/data_generate/miaoli/txt_next_row/30_files/page.html, line 15: ReferenceError: requireLazy is not defined
JavaScript error: file:///D:/project/web_layout_defect/defect_detect/data_generate/miaoli/txt_next_row/30_files/page.html, line 16: ReferenceError: requireLazy is not defined
JavaScript error: file:///D:/project/web_layout_defect/defect_detect/data_generate/miaoli/txt_next_row/4.html, line 92: ReferenceError: $ is not defined
JavaScript error: file:///D:/project/web_layout_defect/defect_detect/data_generate/miaoli/txt_next_row/4.html, line 132: ReferenceError: $ is not defined
JavaScript error: file:///D:/project/web_layout_defect/defect_detect/data_generate/miaoli/txt_next_row/4.html, line 167: ReferenceError: $ is not defined
JavaScript error: file:///D:/project/web_layout_defect/defect_detect/data_generate/miaoli/txt_next_row/4.html, line 399: ReferenceError: $ is not defined
JavaScript error: file:///D:/project/web_layout_defect/defect_detect/data_generate/miaoli/txt_next_row/4.html, line 410: ReferenceError: requirejs is not defined
JavaScript error: file:///D:/project/web_layout_defect/defect_detect/data_generate/miaoli/txt_next_row/4_files/page.html, line 13: ReferenceError: requireLazy is not defined
JavaScript error: file:///D:/project/web_layout_defect/defect_detect/data_generate/miaoli/txt_next_row/4_files/page.html, line 14: ReferenceError: requireLazy is not defined
JavaScript error: file:///D:/project/web_layout_defect/defect_detect/data_generate/miaoli/txt_next_row/4_files/page.html, line 15: ReferenceError: requireLazy is not defined
JavaScript error: file:///D:/project/web_layout_defect/defect_detect/data_generate/miaoli/txt_next_row/4_files/page.html, line 16: ReferenceError: requireLazy is not defined
JavaScript error: file:///D:/project/web_layout_defect/defect_detect/data_generate/miaoli/txt_next_row/5.html, line 90: ReferenceError: $ is not defined
JavaScript error: file:///D:/project/web_layout_defect/defect_detect/data_generate/miaoli/txt_next_row/5.html, line 130: ReferenceError: $ is not defined
JavaScript error: file:///D:/project/web_layout_defect/defect_detect/data_generate/miaoli/txt_next_row/5.html, line 165: ReferenceError: $ is not defined
JavaScript error: file:///D:/project/web_layout_defect/defect_detect/data_generate/miaoli/txt_next_row/5.html, line 315: ReferenceError: $ is not defined
JavaScript error: file:///D:/project/web_layout_defect/defect_detect/data_generate/miaoli/txt_next_row/5.html, line 326: ReferenceError: requirejs is not defined
JavaScript error: file:///D:/project/web_layout_defect/defect_detect/data_generate/miaoli/txt_next_row/5_files/page.html, line 13: ReferenceError: requireLazy is not defined
JavaScript error: file:///D:/project/web_layout_defect/defect_detect/data_generate/miaoli/txt_next_row/5_files/page.html, line 14: ReferenceError: requireLazy is not defined
JavaScript error: file:///D:/project/web_layout_defect/defect_detect/data_generate/miaoli/txt_next_row/5_files/page.html, line 15: ReferenceError: requireLazy is not defined
JavaScript error: file:///D:/project/web_layout_defect/defect_detect/data_generate/miaoli/txt_next_row/5_files/page.html, line 16: ReferenceError: requireLazy is not defined
JavaScript error: file:///D:/project/web_layout_defect/defect_detect/data_generate/miaoli/txt_next_row/6.html, line 90: ReferenceError: $ is not defined
JavaScript error: file:///D:/project/web_layout_defect/defect_detect/data_generate/miaoli/txt_next_row/6.html, line 130: ReferenceError: $ is not defined
JavaScript error: file:///D:/project/web_layout_defect/defect_detect/data_generate/miaoli/txt_next_row/6.html, line 165: ReferenceError: $ is not defined
JavaScript error: file:///D:/project/web_layout_defect/defect_detect/data_generate/miaoli/txt_next_row/6.html, line 338: ReferenceError: $ is not defined
JavaScript error: file:///D:/project/web_layout_defect/defect_detect/data_generate/miaoli/txt_next_row/6.html, line 349: ReferenceError: requirejs is not defined
JavaScript error: file:///D:/project/web_layout_defect/defect_detect/data_generate/miaoli/txt_next_row/6_files/page.html, line 13: ReferenceError: requireLazy is not defined
JavaScript error: file:///D:/project/web_layout_defect/defect_detect/data_generate/miaoli/txt_next_row/6_files/page.html, line 14: ReferenceError: requireLazy is not defined
JavaScript error: file:///D:/project/web_layout_defect/defect_detect/data_generate/miaoli/txt_next_row/6_files/page.html, line 15: ReferenceError: requireLazy is not defined
JavaScript error: file:///D:/project/web_layout_defect/defect_detect/data_generate/miaoli/txt_next_row/6_files/page.html, line 16: ReferenceError: requireLazy is not defined
JavaScript error: file:///D:/project/web_layout_defect/defect_detect/data_generate/miaoli/txt_next_row/7.html, line 92: ReferenceError: $ is not defined
JavaScript error: file:///D:/project/web_layout_defect/defect_detect/data_generate/miaoli/txt_next_row/7.html, line 132: ReferenceError: $ is not defined
JavaScript error: file:///D:/project/web_layout_defect/defect_detect/data_generate/miaoli/txt_next_row/7.html, line 167: ReferenceError: $ is not defined
JavaScript error: file:///D:/project/web_layout_defect/defect_detect/data_generate/miaoli/txt_next_row/7.html, line 400: ReferenceError: $ is not defined
JavaScript error: file:///D:/project/web_layout_defect/defect_detect/data_generate/miaoli/txt_next_row/7.html, line 412: ReferenceError: requirejs is not defined
JavaScript error: file:///D:/project/web_layout_defect/defect_detect/data_generate/miaoli/txt_next_row/7_files/page.html, line 13: ReferenceError: requireLazy is not defined
JavaScript error: file:///D:/project/web_layout_defect/defect_detect/data_generate/miaoli/txt_next_row/7_files/page.html, line 14: ReferenceError: requireLazy is not defined
JavaScript error: file:///D:/project/web_layout_defect/defect_detect/data_generate/miaoli/txt_next_row/7_files/page.html, line 15: ReferenceError: requireLazy is not defined
JavaScript error: file:///D:/project/web_layout_defect/defect_detect/data_generate/miaoli/txt_next_row/7_files/page.html, line 16: ReferenceError: requireLazy is not defined
JavaScript error: file:///D:/project/web_layout_defect/defect_detect/data_generate/miaoli/txt_next_row/8.html, line 90: ReferenceError: $ is not defined
JavaScript error: file:///D:/project/web_layout_defect/defect_detect/data_generate/miaoli/txt_next_row/8.html, line 130: ReferenceError: $ is not defined
JavaScript error: file:///D:/project/web_layout_defect/defect_detect/data_generate/miaoli/txt_next_row/8.html, line 165: ReferenceError: $ is not defined
JavaScript error: file:///D:/project/web_layout_defect/defect_detect/data_generate/miaoli/txt_next_row/8.html, line 315: ReferenceError: $ is not defined
JavaScript error: file:///D:/project/web_layout_defect/defect_detect/data_generate/miaoli/txt_next_row/8.html, line 326: ReferenceError: requirejs is not defined
JavaScript error: file:///D:/project/web_layout_defect/defect_detect/data_generate/miaoli/txt_next_row/8_files/page.html, line 13: ReferenceError: requireLazy is not defined
JavaScript error: file:///D:/project/web_layout_defect/defect_detect/data_generate/miaoli/txt_next_row/8_files/page.html, line 14: ReferenceError: requireLazy is not defined
JavaScript error: file:///D:/project/web_layout_defect/defect_detect/data_generate/miaoli/txt_next_row/8_files/page.html, line 15: ReferenceError: requireLazy is not defined
JavaScript error: file:///D:/project/web_layout_defect/defect_detect/data_generate/miaoli/txt_next_row/8_files/page.html, line 16: ReferenceError: requireLazy is not defined
JavaScript error: file:///D:/project/web_layout_defect/defect_detect/data_generate/miaoli/txt_next_row/9.html, line 91: ReferenceError: $ is not defined
JavaScript error: file:///D:/project/web_layout_defect/defect_detect/data_generate/miaoli/txt_next_row/9.html, line 131: ReferenceError: $ is not defined
JavaScript error: file:///D:/project/web_layout_defect/defect_detect/data_generate/miaoli/txt_next_row/9.html, line 166: ReferenceError: $ is not defined
JavaScript error: file:///D:/project/web_layout_defect/defect_detect/data_generate/miaoli/txt_next_row/9.html, line 191: ReferenceError: $ is not defined
JavaScript error: file:///D:/project/web_layout_defect/defect_detect/data_generate/miaoli/txt_next_row/9.html, line 411: ReferenceError: $ is not defined
JavaScript error: file:///D:/project/web_layout_defect/defect_detect/data_generate/miaoli/txt_next_row/9.html, line 422: ReferenceError: requirejs is not defined
JavaScript error: file:///D:/project/web_layout_defect/defect_detect/data_generate/miaoli/txt_next_row/9_files/page.html, line 13: ReferenceError: requireLazy is not defined
JavaScript error: file:///D:/project/web_layout_defect/defect_detect/data_generate/miaoli/txt_next_row/9_files/page.html, line 14: ReferenceError: requireLazy is not defined
JavaScript error: file:///D:/project/web_layout_defect/defect_detect/data_generate/miaoli/txt_next_row/9_files/page.html, line 15: ReferenceError: requireLazy is not defined
JavaScript error: file:///D:/project/web_layout_defect/defect_detect/data_generate/miaoli/txt_next_row/9_files/page.html, line 16: ReferenceError: requireLazy is not defined
1611111018753	Marionette	INFO	Stopped listening on port 54631
